mktextfm HelveticaNeue
mktextfm HelveticaNeue
mktextfm HelveticaNeue
mktextfm HelveticaNeue
mktextfm HelveticaNeue-Bold
mktextfm HelveticaNeue-Bold
mktextfm HelveticaNeue-Italic
mktextfm HelveticaNeue-Italic
mktextfm HelveticaNeue-BoldItalic
mktextfm HelveticaNeue-BoldItalic
mktextfm HelveticaNeue
mktextfm HelveticaNeue-Light
mktextfm HelveticaNeue-Light
mktextfm HelveticaNeue-Light
mktextfm HelveticaNeue-Light
mktextfm HelveticaNeue-UltraLight
mktextfm HelveticaNeue-UltraLight
mktextfm HelveticaNeue-LightItalic
mktextfm HelveticaNeue-LightItalic
mktextfm HelveticaNeue-UltraLightItalic
mktextfm HelveticaNeue-UltraLightItalic
mktextfm HelveticaNeue-Bold
mktextfm HelveticaNeue-Italic
mktextfm HelveticaNeue-BoldItalic
